<?xml version="1.0" encoding="UTF-8"?>
<testsuite name="com.pigrabbit.springboot.web.PostsApiControllerTest" tests="2" skipped="0" failures="0" errors="0" timestamp="2020-04-10T14:48:21" hostname="DESKTOP-TFM935E" time="0.204">
  <properties/>
  <testcase name="updatePosts" classname="com.pigrabbit.springboot.web.PostsApiControllerTest" time="0.186"/>
  <testcase name="savePosts" classname="com.pigrabbit.springboot.web.PostsApiControllerTest" time="0.017"/>
  <system-out><![CDATA[2020-04-10 23:48:21.495  INFO 92 --- [    Test worker] .b.t.c.SpringBootTestContextBootstrapper : Neither @ContextConfiguration nor @ContextHierarchy found for test class [com.pigrabbit.springboot.web.PostsApiControllerTest], using SpringBootContextLoader
2020-04-10 23:48:21.496  INFO 92 --- [    Test worker] o.s.t.c.support.AbstractContextLoader    : Could not detect default resource locations for test class [com.pigrabbit.springboot.web.PostsApiControllerTest]: no resource found for suffixes {-context.xml, Context.groovy}.
2020-04-10 23:48:21.497  INFO 92 --- [    Test worker] t.c.s.AnnotationConfigContextLoaderUtils : Could not detect default configuration classes for test class [com.pigrabbit.springboot.web.PostsApiControllerTest]: PostsApiControllerTest does not declare any static, non-private, non-final, nested classes annotated with @Configuration.
2020-04-10 23:48:21.499  INFO 92 --- [    Test worker] .b.t.c.SpringBootTestContextBootstrapper : Found @SpringBootConfiguration com.pigrabbit.springboot.Application for test class com.pigrabbit.springboot.web.PostsApiControllerTest
2020-04-10 23:48:21.500  INFO 92 --- [    Test worker] .b.t.c.SpringBootTestContextBootstrapper : Loaded default TestExecutionListener class names from location [META-INF/spring.factories]: [org.springframework.security.test.context.support.WithSecurityContextTestExecutionListener, org.springframework.security.test.context.support.ReactorContextTestExecutionListener, org.springframework.boot.test.autoconfigure.restdocs.RestDocsTestExecutionListener, org.springframework.boot.test.autoconfigure.web.client.MockRestServiceServerResetTestExecutionListener, org.springframework.boot.test.autoconfigure.web.servlet.MockMvcPrintOnlyOnFailureTestExecutionListener, org.springframework.boot.test.autoconfigure.web.servlet.WebDriverTestExecutionListener, org.springframework.boot.test.mock.mockito.MockitoTestExecutionListener, org.springframework.boot.test.mock.mockito.ResetMocksTestExecutionListener, org.springframework.test.context.web.ServletTestExecutionListener, org.springframework.test.context.support.DirtiesContextBeforeModesTestExecutionListener, org.springframework.test.context.support.DependencyInjectionTestExecutionListener, org.springframework.test.context.support.DirtiesContextTestExecutionListener, org.springframework.test.context.transaction.TransactionalTestExecutionListener, org.springframework.test.context.jdbc.SqlScriptsTestExecutionListener]
2020-04-10 23:48:21.502  INFO 92 --- [    Test worker] .b.t.c.SpringBootTestContextBootstrapper : Using TestExecutionListeners: [org.springframework.test.context.web.ServletTestExecutionListener@2751c1be, org.springframework.test.context.support.DirtiesContextBeforeModesTestExecutionListener@75d8c0c9, org.springframework.boot.test.mock.mockito.MockitoTestExecutionListener@5130a9f0, org.springframework.boot.test.autoconfigure.SpringBootDependencyInjectionTestExecutionListener@592b96dc, org.springframework.test.context.support.DirtiesContextTestExecutionListener@705ef076, org.springframework.test.context.transaction.TransactionalTestExecutionListener@43b3a83c, org.springframework.test.context.jdbc.SqlScriptsTestExecutionListener@1798f693, org.springframework.security.test.context.support.WithSecurityContextTestExecutionListener@12001fca, org.springframework.security.test.context.support.ReactorContextTestExecutionListener@155a80bc, org.springframework.boot.test.autoconfigure.restdocs.RestDocsTestExecutionListener@4b762863, org.springframework.boot.test.autoconfigure.web.client.MockRestServiceServerResetTestExecutionListener@1b8a63f0, org.springframework.boot.test.autoconfigure.web.servlet.MockMvcPrintOnlyOnFailureTestExecutionListener@966c104, org.springframework.boot.test.autoconfigure.web.servlet.WebDriverTestExecutionListener@4878eff4, org.springframework.boot.test.mock.mockito.ResetMocksTestExecutionListener@32b7f3a8]
2020-04-10 23:48:21.528  INFO 92 --- [    Test worker] o.a.c.c.C.[Tomcat].[localhost].[/]       : Initializing Spring TestDispatcherServlet ''
2020-04-10 23:48:21.528  INFO 92 --- [    Test worker] o.s.t.web.servlet.TestDispatcherServlet  : Initializing Servlet ''
2020-04-10 23:48:21.531  INFO 92 --- [    Test worker] o.s.t.web.servlet.TestDispatcherServlet  : Completed initialization in 3 ms
Hibernate: insert into posts (created_date, modified_date, author, content, title) values (?, ?, ?, ?, ?)
Hibernate: select posts0_.id as id1_0_0_, posts0_.created_date as created_2_0_0_, posts0_.modified_date as modified3_0_0_, posts0_.author as author4_0_0_, posts0_.content as content5_0_0_, posts0_.title as title6_0_0_ from posts posts0_ where posts0_.id=?
Hibernate: update posts set created_date=?, modified_date=?, author=?, content=?, title=? where id=?
Hibernate: select posts0_.id as id1_0_, posts0_.created_date as created_2_0_, posts0_.modified_date as modified3_0_, posts0_.author as author4_0_, posts0_.content as content5_0_, posts0_.title as title6_0_ from posts posts0_
Hibernate: select posts0_.id as id1_0_, posts0_.created_date as created_2_0_, posts0_.modified_date as modified3_0_, posts0_.author as author4_0_, posts0_.content as content5_0_, posts0_.title as title6_0_ from posts posts0_
Hibernate: delete from posts where id=?
2020-04-10 23:48:21.695  INFO 92 --- [    Test worker] o.a.c.c.C.[Tomcat].[localhost].[/]       : Initializing Spring TestDispatcherServlet ''
2020-04-10 23:48:21.695  INFO 92 --- [    Test worker] o.s.t.web.servlet.TestDispatcherServlet  : Initializing Servlet ''
2020-04-10 23:48:21.698  INFO 92 --- [    Test worker] o.s.t.web.servlet.TestDispatcherServlet  : Completed initialization in 2 ms
Hibernate: insert into posts (created_date, modified_date, author, content, title) values (?, ?, ?, ?, ?)
Hibernate: select posts0_.id as id1_0_, posts0_.created_date as created_2_0_, posts0_.modified_date as modified3_0_, posts0_.author as author4_0_, posts0_.content as content5_0_, posts0_.title as title6_0_ from posts posts0_
Hibernate: select posts0_.id as id1_0_, posts0_.created_date as created_2_0_, posts0_.modified_date as modified3_0_, posts0_.author as author4_0_, posts0_.content as content5_0_, posts0_.title as title6_0_ from posts posts0_
Hibernate: delete from posts where id=?
]]></system-out>
  <system-err><![CDATA[]]></system-err>
</testsuite>
