<?xml version="1.0" encoding="UTF-8"?>
<testsuite name="com.pigrabbit.springboot.web.ProfileControllerTest" tests="1" skipped="0" failures="0" errors="0" timestamp="2020-04-22T15:10:25" hostname="DESKTOP-TFM935E" time="0.573">
  <properties/>
  <testcase name="callProfileWithoutAuthentication" classname="com.pigrabbit.springboot.web.ProfileControllerTest" time="0.573"/>
  <system-out><![CDATA[00:10:14.206 [Test worker] DEBUG org.springframework.test.context.junit4.SpringJUnit4ClassRunner - SpringJUnit4ClassRunner constructor called with [class com.pigrabbit.springboot.web.ProfileControllerTest]
00:10:14.217 [Test worker] DEBUG org.springframework.test.context.BootstrapUtils - Instantiating CacheAwareContextLoaderDelegate from class [org.springframework.test.context.cache.DefaultCacheAwareContextLoaderDelegate]
00:10:14.231 [Test worker] DEBUG org.springframework.test.context.BootstrapUtils - Instantiating BootstrapContext using constructor [public org.springframework.test.context.support.DefaultBootstrapContext(java.lang.Class,org.springframework.test.context.CacheAwareContextLoaderDelegate)]
00:10:14.259 [Test worker] DEBUG org.springframework.test.context.BootstrapUtils - Instantiating TestContextBootstrapper for test class [com.pigrabbit.springboot.web.ProfileControllerTest] from class [org.springframework.boot.test.context.SpringBootTestContextBootstrapper]
00:10:14.281 [Test worker] INFO org.springframework.boot.test.context.SpringBootTestContextBootstrapper - Neither @ContextConfiguration nor @ContextHierarchy found for test class [com.pigrabbit.springboot.web.ProfileControllerTest], using SpringBootContextLoader
00:10:14.287 [Test worker] DEBUG org.springframework.test.context.support.AbstractContextLoader - Did not detect default resource location for test class [com.pigrabbit.springboot.web.ProfileControllerTest]: class path resource [com/pigrabbit/springboot/web/ProfileControllerTest-context.xml] does not exist
00:10:14.289 [Test worker] DEBUG org.springframework.test.context.support.AbstractContextLoader - Did not detect default resource location for test class [com.pigrabbit.springboot.web.ProfileControllerTest]: class path resource [com/pigrabbit/springboot/web/ProfileControllerTestContext.groovy] does not exist
00:10:14.289 [Test worker] INFO org.springframework.test.context.support.AbstractContextLoader - Could not detect default resource locations for test class [com.pigrabbit.springboot.web.ProfileControllerTest]: no resource found for suffixes {-context.xml, Context.groovy}.
00:10:14.290 [Test worker] INFO org.springframework.test.context.support.AnnotationConfigContextLoaderUtils - Could not detect default configuration classes for test class [com.pigrabbit.springboot.web.ProfileControllerTest]: ProfileControllerTest does not declare any static, non-private, non-final, nested classes annotated with @Configuration.
00:10:14.376 [Test worker] DEBUG org.springframework.test.context.support.ActiveProfilesUtils - Could not find an 'annotation declaring class' for annotation type [org.springframework.test.context.ActiveProfiles] and class [com.pigrabbit.springboot.web.ProfileControllerTest]
00:10:14.531 [Test worker] DEBUG org.springframework.context.annotation.ClassPathScanningCandidateComponentProvider - Identified candidate component class: file [C:\Users\Donghyuk\IdeaProjects\springboot2-webservice\build\classes\java\main\com\pigrabbit\springboot\Application.class]
00:10:14.532 [Test worker] INFO org.springframework.boot.test.context.SpringBootTestContextBootstrapper - Found @SpringBootConfiguration com.pigrabbit.springboot.Application for test class com.pigrabbit.springboot.web.ProfileControllerTest
00:10:14.684 [Test worker] DEBUG org.springframework.boot.test.context.SpringBootTestContextBootstrapper - @TestExecutionListeners is not present for class [com.pigrabbit.springboot.web.ProfileControllerTest]: using defaults.
00:10:14.686 [Test worker] INFO org.springframework.boot.test.context.SpringBootTestContextBootstrapper - Loaded default TestExecutionListener class names from location [META-INF/spring.factories]: [org.springframework.security.test.context.support.WithSecurityContextTestExecutionListener, org.springframework.security.test.context.support.ReactorContextTestExecutionListener, org.springframework.boot.test.autoconfigure.restdocs.RestDocsTestExecutionListener, org.springframework.boot.test.autoconfigure.web.client.MockRestServiceServerResetTestExecutionListener, org.springframework.boot.test.autoconfigure.web.servlet.MockMvcPrintOnlyOnFailureTestExecutionListener, org.springframework.boot.test.autoconfigure.web.servlet.WebDriverTestExecutionListener, org.springframework.boot.test.mock.mockito.MockitoTestExecutionListener, org.springframework.boot.test.mock.mockito.ResetMocksTestExecutionListener, org.springframework.test.context.web.ServletTestExecutionListener, org.springframework.test.context.support.DirtiesContextBeforeModesTestExecutionListener, org.springframework.test.context.support.DependencyInjectionTestExecutionListener, org.springframework.test.context.support.DirtiesContextTestExecutionListener, org.springframework.test.context.transaction.TransactionalTestExecutionListener, org.springframework.test.context.jdbc.SqlScriptsTestExecutionListener]
00:10:14.722 [Test worker] INFO org.springframework.boot.test.context.SpringBootTestContextBootstrapper - Using TestExecutionListeners: [org.springframework.test.context.web.ServletTestExecutionListener@18c2b575, org.springframework.test.context.support.DirtiesContextBeforeModesTestExecutionListener@381b64d3, org.springframework.boot.test.mock.mockito.MockitoTestExecutionListener@7137421a, org.springframework.boot.test.autoconfigure.SpringBootDependencyInjectionTestExecutionListener@7009658f, org.springframework.test.context.support.DirtiesContextTestExecutionListener@7ded1fe6, org.springframework.test.context.transaction.TransactionalTestExecutionListener@1e33c174, org.springframework.test.context.jdbc.SqlScriptsTestExecutionListener@55df773a, org.springframework.security.test.context.support.WithSecurityContextTestExecutionListener@6ec15513, org.springframework.security.test.context.support.ReactorContextTestExecutionListener@7b467502, org.springframework.boot.test.autoconfigure.restdocs.RestDocsTestExecutionListener@7bfe237f, org.springframework.boot.test.autoconfigure.web.client.MockRestServiceServerResetTestExecutionListener@55b6fd9d, org.springframework.boot.test.autoconfigure.web.servlet.MockMvcPrintOnlyOnFailureTestExecutionListener@313b43f5, org.springframework.boot.test.autoconfigure.web.servlet.WebDriverTestExecutionListener@799dceb5, org.springframework.boot.test.mock.mockito.ResetMocksTestExecutionListener@7372ff22]
00:10:14.726 [Test worker] DEBUG org.springframework.test.annotation.ProfileValueUtils - Retrieved @ProfileValueSourceConfiguration [null] for test class [com.pigrabbit.springboot.web.ProfileControllerTest]
00:10:14.727 [Test worker] DEBUG org.springframework.test.annotation.ProfileValueUtils - Retrieved ProfileValueSource type [class org.springframework.test.annotation.SystemProfileValueSource] for class [com.pigrabbit.springboot.web.ProfileControllerTest]
00:10:14.733 [Test worker] DEBUG org.springframework.test.annotation.ProfileValueUtils - Retrieved @ProfileValueSourceConfiguration [null] for test class [com.pigrabbit.springboot.web.ProfileControllerTest]
00:10:14.734 [Test worker] DEBUG org.springframework.test.annotation.ProfileValueUtils - Retrieved ProfileValueSource type [class org.springframework.test.annotation.SystemProfileValueSource] for class [com.pigrabbit.springboot.web.ProfileControllerTest]
00:10:14.735 [Test worker] DEBUG org.springframework.test.annotation.ProfileValueUtils - Retrieved @ProfileValueSourceConfiguration [null] for test class [com.pigrabbit.springboot.web.ProfileControllerTest]
00:10:14.735 [Test worker] DEBUG org.springframework.test.annotation.ProfileValueUtils - Retrieved ProfileValueSource type [class org.springframework.test.annotation.SystemProfileValueSource] for class [com.pigrabbit.springboot.web.ProfileControllerTest]
00:10:14.743 [Test worker] DEBUG org.springframework.test.context.support.AbstractDirtiesContextTestExecutionListener - Before test class: context [DefaultTestContext@8782b91 testClass = ProfileControllerTest, testInstance = [null], testMethod = [null], testException = [null], mergedContextConfiguration = [WebMergedContextConfiguration@3ba95330 testClass = ProfileControllerTest, locations = '{}', classes = '{class com.pigrabbit.springboot.Application}', contextInitializerClasses = '[]', activeProfiles = '{}', propertySourceLocations = '{}', propertySourceProperties = '{org.springframework.boot.test.context.SpringBootTestContextBootstrapper=true, server.port=0}', contextCustomizers = set[org.springframework.boot.test.autoconfigure.properties.PropertyMappingContextCustomizer@0, org.springframework.boot.test.autoconfigure.web.servlet.WebDriverContextCustomizerFactory$Customizer@48179228, org.springframework.boot.test.context.filter.ExcludeFilterContextCustomizer@11adaaa6, org.springframework.boot.test.json.DuplicateJsonObjectContextCustomizerFactory$DuplicateJsonObjectContextCustomizer@ebef2a5, org.springframework.boot.test.mock.mockito.MockitoContextCustomizer@0, org.springframework.boot.test.web.client.TestRestTemplateContextCustomizer@5807ad10], resourceBasePath = 'src/main/webapp', contextLoader = 'org.springframework.boot.test.context.SpringBootContextLoader', parent = [null]], attributes = map['org.springframework.test.context.web.ServletTestExecutionListener.activateListener' -> false]], class annotated with @DirtiesContext [false] with mode [null].
00:10:14.745 [Test worker] DEBUG org.springframework.test.annotation.ProfileValueUtils - Retrieved @ProfileValueSourceConfiguration [null] for test class [com.pigrabbit.springboot.web.ProfileControllerTest]
00:10:14.745 [Test worker] DEBUG org.springframework.test.annotation.ProfileValueUtils - Retrieved ProfileValueSource type [class org.springframework.test.annotation.SystemProfileValueSource] for class [com.pigrabbit.springboot.web.ProfileControllerTest]
00:10:14.754 [Test worker] DEBUG org.springframework.test.context.support.DependencyInjectionTestExecutionListener - Performing dependency injection for test context [[DefaultTestContext@8782b91 testClass = ProfileControllerTest, testInstance = com.pigrabbit.springboot.web.ProfileControllerTest@6cc71fc, testMethod = [null], testException = [null], mergedContextConfiguration = [WebMergedContextConfiguration@3ba95330 testClass = ProfileControllerTest, locations = '{}', classes = '{class com.pigrabbit.springboot.Application}', contextInitializerClasses = '[]', activeProfiles = '{}', propertySourceLocations = '{}', propertySourceProperties = '{org.springframework.boot.test.context.SpringBootTestContextBootstrapper=true, server.port=0}', contextCustomizers = set[org.springframework.boot.test.autoconfigure.properties.PropertyMappingContextCustomizer@0, org.springframework.boot.test.autoconfigure.web.servlet.WebDriverContextCustomizerFactory$Customizer@48179228, org.springframework.boot.test.context.filter.ExcludeFilterContextCustomizer@11adaaa6, org.springframework.boot.test.json.DuplicateJsonObjectContextCustomizerFactory$DuplicateJsonObjectContextCustomizer@ebef2a5, org.springframework.boot.test.mock.mockito.MockitoContextCustomizer@0, org.springframework.boot.test.web.client.TestRestTemplateContextCustomizer@5807ad10], resourceBasePath = 'src/main/webapp', contextLoader = 'org.springframework.boot.test.context.SpringBootContextLoader', parent = [null]], attributes = map['org.springframework.test.context.web.ServletTestExecutionListener.activateListener' -> false]]].
00:10:14.791 [Test worker] DEBUG org.springframework.test.context.support.TestPropertySourceUtils - Adding inlined properties to environment: {spring.jmx.enabled=false, org.springframework.boot.test.context.SpringBootTestContextBootstrapper=true, server.port=0}

  .   ____          _            __ _ _
 /\\ / ___'_ __ _ _(_)_ __  __ _ \ \ \ \
( ( )\___ | '_ | '_| | '_ \/ _` | \ \ \ \
 \\/  ___)| |_)| | | | | || (_| |  ) ) ) )
  '  |____| .__|_| |_|_| |_\__, | / / / /
 =========|_|==============|___/=/_/_/_/
 :: Spring Boot ::        (v2.1.7.RELEASE)

2020-04-23 00:10:15.281  INFO 31556 --- [    Test worker] c.p.s.web.ProfileControllerTest          : Starting ProfileControllerTest on DESKTOP-TFM935E with PID 31556 (started by Donghyuk in C:\Users\Donghyuk\IdeaProjects\springboot2-webservice)
2020-04-23 00:10:15.283  INFO 31556 --- [    Test worker] c.p.s.web.ProfileControllerTest          : No active profile set, falling back to default profiles: default
2020-04-23 00:10:16.707  INFO 31556 --- [    Test worker] .s.d.r.c.RepositoryConfigurationDelegate : Bootstrapping Spring Data repositories in DEFAULT mode.
2020-04-23 00:10:16.840  INFO 31556 --- [    Test worker] .s.d.r.c.RepositoryConfigurationDelegate : Finished Spring Data repository scanning in 121ms. Found 2 repository interfaces.
2020-04-23 00:10:17.724  INFO 31556 --- [    Test worker] trationDelegate$BeanPostProcessorChecker : Bean 'org.springframework.transaction.annotation.ProxyTransactionManagementConfiguration' of type [org.springframework.transaction.annotation.ProxyTransactionManagementConfiguration$$EnhancerBySpringCGLIB$$afffb1be] is not eligible for getting processed by all BeanPostProcessors (for example: not eligible for auto-proxying)
2020-04-23 00:10:18.565  INFO 31556 --- [    Test worker] o.s.b.w.embedded.tomcat.TomcatWebServer  : Tomcat initialized with port(s): 0 (http)
2020-04-23 00:10:18.618  INFO 31556 --- [    Test worker] o.apache.catalina.core.StandardService   : Starting service [Tomcat]
2020-04-23 00:10:18.619  INFO 31556 --- [    Test worker] org.apache.catalina.core.StandardEngine  : Starting Servlet engine: [Apache Tomcat/9.0.22]
2020-04-23 00:10:18.942  INFO 31556 --- [    Test worker] o.a.c.c.C.[Tomcat].[localhost].[/]       : Initializing Spring embedded WebApplicationContext
2020-04-23 00:10:18.942  INFO 31556 --- [    Test worker] o.s.web.context.ContextLoader            : Root WebApplicationContext: initialization completed in 3629 ms
2020-04-23 00:10:19.595  INFO 31556 --- [    Test worker] com.zaxxer.hikari.HikariDataSource       : HikariPool-1 - Starting...
2020-04-23 00:10:19.912  INFO 31556 --- [    Test worker] com.zaxxer.hikari.HikariDataSource       : HikariPool-1 - Start completed.
2020-04-23 00:10:20.096  INFO 31556 --- [    Test worker] o.hibernate.jpa.internal.util.LogHelper  : HHH000204: Processing PersistenceUnitInfo [
	name: default
	...]
2020-04-23 00:10:20.246  INFO 31556 --- [    Test worker] org.hibernate.Version                    : HHH000412: Hibernate Core {5.3.10.Final}
2020-04-23 00:10:20.252  INFO 31556 --- [    Test worker] org.hibernate.cfg.Environment            : HHH000206: hibernate.properties not found
2020-04-23 00:10:20.617  INFO 31556 --- [    Test worker] o.hibernate.annotations.common.Version   : HCANN000001: Hibernate Commons Annotations {5.0.4.Final}
2020-04-23 00:10:20.938  INFO 31556 --- [    Test worker] org.hibernate.dialect.Dialect            : HHH000400: Using dialect: org.hibernate.dialect.MySQL5InnoDBDialect
Hibernate: drop table if exists posts
Hibernate: drop table if exists user
Hibernate: create table posts (id bigint not null auto_increment, created_date datetime, modified_date datetime, author varchar(255), content TEXT not null, title varchar(500) not null, primary key (id)) engine=InnoDB
Hibernate: create table user (id bigint not null auto_increment, created_date datetime, modified_date datetime, email varchar(255) not null, name varchar(255) not null, picture varchar(255), role varchar(255) not null, primary key (id)) engine=InnoDB
2020-04-23 00:10:22.135  INFO 31556 --- [    Test worker] o.h.t.schema.internal.SchemaCreatorImpl  : HHH000476: Executing import script 'org.hibernate.tool.schema.internal.exec.ScriptSourceInputNonExistentImpl@7bbd4318'
2020-04-23 00:10:22.140  INFO 31556 --- [    Test worker] j.LocalContainerEntityManagerFactoryBean : Initialized JPA EntityManagerFactory for persistence unit 'default'
2020-04-23 00:10:23.344  INFO 31556 --- [    Test worker] o.h.h.i.QueryTranslatorFactoryInitiator  : HHH000397: Using ASTQueryTranslatorFactory
2020-04-23 00:10:24.291  INFO 31556 --- [    Test worker] o.s.s.web.DefaultSecurityFilterChain     : Creating filter chain: any request, [org.springframework.security.web.context.request.async.WebAsyncManagerIntegrationFilter@7996dfe8, org.springframework.security.web.context.SecurityContextPersistenceFilter@7eb9fdb5, org.springframework.security.web.header.HeaderWriterFilter@7adf701, org.springframework.security.web.authentication.logout.LogoutFilter@4ad1437f, org.springframework.security.oauth2.client.web.OAuth2AuthorizationRequestRedirectFilter@52ffac09, org.springframework.security.oauth2.client.web.OAuth2LoginAuthenticationFilter@461f48e4, org.springframework.security.web.authentication.ui.DefaultLoginPageGeneratingFilter@f0ec653, org.springframework.security.web.authentication.ui.DefaultLogoutPageGeneratingFilter@3c0fcefa, org.springframework.security.web.savedrequest.RequestCacheAwareFilter@3e4c424f, org.springframework.security.web.servletapi.SecurityContextHolderAwareRequestFilter@4773b66b, org.springframework.security.web.authentication.AnonymousAuthenticationFilter@35c8dfb5, org.springframework.security.web.session.SessionManagementFilter@31e62706, org.springframework.security.web.access.ExceptionTranslationFilter@17a28afa, org.springframework.security.web.access.intercept.FilterSecurityInterceptor@490ce1e9]
2020-04-23 00:10:24.972  INFO 31556 --- [    Test worker] o.s.s.concurrent.ThreadPoolTaskExecutor  : Initializing ExecutorService 'applicationTaskExecutor'
2020-04-23 00:10:25.085  WARN 31556 --- [    Test worker] aWebConfiguration$JpaWebMvcConfiguration : spring.jpa.open-in-view is enabled by default. Therefore, database queries may be performed during view rendering. Explicitly configure spring.jpa.open-in-view to disable this warning
2020-04-23 00:10:25.176  INFO 31556 --- [    Test worker] o.s.b.a.w.s.WelcomePageHandlerMapping    : Adding welcome page template: index
2020-04-23 00:10:25.857  INFO 31556 --- [    Test worker] s.a.ScheduledAnnotationBeanPostProcessor : No TaskScheduler/ScheduledExecutorService bean found for scheduled processing
2020-04-23 00:10:25.913  INFO 31556 --- [    Test worker] o.s.b.w.embedded.tomcat.TomcatWebServer  : Tomcat started on port(s): 52448 (http) with context path ''
2020-04-23 00:10:25.917  INFO 31556 --- [    Test worker] c.p.s.web.ProfileControllerTest          : Started ProfileControllerTest in 11.121 seconds (JVM running for 13.653)
2020-04-23 00:10:26.265  INFO 31556 --- [o-auto-1-exec-1] o.a.c.c.C.[Tomcat].[localhost].[/]       : Initializing Spring DispatcherServlet 'dispatcherServlet'
2020-04-23 00:10:26.266  INFO 31556 --- [o-auto-1-exec-1] o.s.web.servlet.DispatcherServlet        : Initializing Servlet 'dispatcherServlet'
2020-04-23 00:10:26.304  INFO 31556 --- [o-auto-1-exec-1] o.s.web.servlet.DispatcherServlet        : Completed initialization in 38 ms
]]></system-out>
  <system-err><![CDATA[]]></system-err>
</testsuite>
